<?xml version="1.0" encoding="utf-8" standalone="no"?>
<!--This file represents the results of running a test suite-->
<test-results name="..\AntHill.Net\bin\Debug\AntHill.Net.exe" total="21" failures="1" not-run="0" date="2007-05-28" time="13:04:49">
  <environment nunit-version="2.4.0.2" clr-version="2.0.50727.42" os-version="Microsoft Windows NT 5.0.2195 Service Pack 4" platform="Win32NT" cwd="C:\Documents and Settings\jaworskif\Pulpit\anthill_project\tests" machine-name="PRACOWNIA12" user="jaworskif" user-domain="PRACOWNIA" />
  <culture-info current-culture="pl-PL" current-uiculture="pl-PL" />
  <test-suite name="..\AntHill.Net\bin\Debug\AntHill.Net.exe" success="False" time="28.219" asserts="0">
    <results>
      <test-suite name="AntHill" success="False" time="28.188" asserts="0">
        <results>
          <test-suite name="NET" success="False" time="28.188" asserts="0">
            <results>
              <test-suite name="TestClass" success="False" time="28.141" asserts="0">
                <results>
                  <test-case name="AntHill.NET.TestClass.AntTest" executed="True" success="True" time="0.016" asserts="9" />
                  <test-case name="AntHill.NET.TestClass.AstarTest" executed="True" success="True" time="0.359" asserts="22" />
                  <test-case name="AntHill.NET.TestClass.CitizenTest" executed="True" success="True" time="4.313" asserts="1" />
                  <test-case name="AntHill.NET.TestClass.CreatureTest" executed="True" success="True" time="0.000" asserts="9" />
                  <test-case name="AntHill.NET.TestClass.ElementTest" executed="True" success="True" time="0.016" asserts="9" />
                  <test-case name="AntHill.NET.TestClass.FoodTest" executed="True" success="True" time="0.000" asserts="2" />
                  <test-case name="AntHill.NET.TestClass.GetVisibleAntsTest" executed="True" success="True" time="4.609" asserts="6" />
                  <test-case name="AntHill.NET.TestClass.GetVisibleFoodTest" executed="True" success="True" time="4.547" asserts="4" />
                  <test-case name="AntHill.NET.TestClass.GetVisibleMessagesTest" executed="True" success="False" time="5.141" asserts="1">
                    <failure>
                      <message><![CDATA[GetVisibleMessagesTest problem to see message by warriror]]></message>
                      <stack-trace><![CDATA[   w AntHill.NET.TestClass.GetVisibleMessagesTest() w C:\Documents and Settings\jaworskif\Pulpit\anthill_project\AntHill.NET\tests\TestClass.cs:wiersz 551
]]></stack-trace>
                    </failure>
                  </test-case>
                  <test-case name="AntHill.NET.TestClass.GetVisibleSpidersTest" executed="True" success="True" time="4.406" asserts="4" />
                  <test-case name="AntHill.NET.TestClass.MapTest" executed="True" success="True" time="0.094" asserts="14" />
                  <test-case name="AntHill.NET.TestClass.MessageTest" executed="True" success="True" time="0.000" asserts="0" />
                  <test-case name="AntHill.NET.TestClass.PointWithIntensityTest" executed="True" success="True" time="0.000" asserts="2" />
                  <test-case name="AntHill.NET.TestClass.QueenTest" executed="True" success="True" time="0.063" asserts="3" />
                  <test-case name="AntHill.NET.TestClass.RainTest" executed="True" success="True" time="4.391" asserts="18" />
                  <test-case name="AntHill.NET.TestClass.SimulationTest" executed="True" success="True" time="0.094" asserts="2" />
                  <test-case name="AntHill.NET.TestClass.SpiderTest" executed="True" success="True" time="0.000" asserts="3" />
                  <test-case name="AntHill.NET.TestClass.TileTest" executed="True" success="True" time="0.000" asserts="1" />
                  <test-case name="AntHill.NET.TestClass.WarriorTest" executed="True" success="True" time="0.000" asserts="4" />
                  <test-case name="AntHill.NET.TestClass.WorkerTest" executed="True" success="True" time="0.000" asserts="5" />
                  <test-case name="AntHill.NET.TestClass.XmlTest" executed="True" success="True" time="0.031" asserts="130" />
                </results>
              </test-suite>
            </results>
          </test-suite>
        </results>
      </test-suite>
    </results>
  </test-suite>
</test-results>