<?xml version="1.0" encoding="utf-8" standalone="no"?>
<!--This file represents the results of running a test suite-->
<test-results name="..\AntHill.Net\bin\Debug\AntHill.Net.exe" total="18" failures="0" not-run="0" date="2007-05-28" time="13:43:16">
  <environment nunit-version="2.4.0.2" clr-version="2.0.50727.42" os-version="Microsoft Windows NT 5.0.2195 Service Pack 4" platform="Win32NT" cwd="C:\Documents and Settings\jaworskif\Pulpit\anthill_project\tests" machine-name="PRACOWNIA12" user="jaworskif" user-domain="PRACOWNIA" />
  <culture-info current-culture="pl-PL" current-uiculture="pl-PL" />
  <test-suite name="..\AntHill.Net\bin\Debug\AntHill.Net.exe" success="True" time="27.391" asserts="0">
    <results>
      <test-suite name="AntHill" success="True" time="27.375" asserts="0">
        <results>
          <test-suite name="NET" success="True" time="27.359" asserts="0">
            <results>
              <test-suite name="TestClass" success="True" time="27.328" asserts="0">
                <results>
                  <test-case name="AntHill.NET.TestClass.AstarTest" executed="True" success="True" time="0.359" asserts="22" />
                  <test-case name="AntHill.NET.TestClass.CitizenTest" executed="True" success="True" time="4.281" asserts="3" />
                  <test-case name="AntHill.NET.TestClass.FoodTest" executed="True" success="True" time="0.000" asserts="2" />
                  <test-case name="AntHill.NET.TestClass.GetVisibleAntsTest" executed="True" success="True" time="4.594" asserts="6" />
                  <test-case name="AntHill.NET.TestClass.GetVisibleFoodTest" executed="True" success="True" time="4.469" asserts="4" />
                  <test-case name="AntHill.NET.TestClass.GetVisibleMessagesTest" executed="True" success="True" time="4.391" asserts="5" />
                  <test-case name="AntHill.NET.TestClass.GetVisibleSpidersTest" executed="True" success="True" time="4.359" asserts="4" />
                  <test-case name="AntHill.NET.TestClass.MapTest" executed="True" success="True" time="0.078" asserts="14" />
                  <test-case name="AntHill.NET.TestClass.MessageTest" executed="True" success="True" time="0.000" asserts="0" />
                  <test-case name="AntHill.NET.TestClass.PointWithIntensityTest" executed="True" success="True" time="0.000" asserts="2" />
                  <test-case name="AntHill.NET.TestClass.QueenTest" executed="True" success="True" time="0.063" asserts="3" />
                  <test-case name="AntHill.NET.TestClass.RainTest" executed="True" success="True" time="4.484" asserts="18" />
                  <test-case name="AntHill.NET.TestClass.SimulationTest" executed="True" success="True" time="0.078" asserts="2" />
                  <test-case name="AntHill.NET.TestClass.SpiderTest" executed="True" success="True" time="0.000" asserts="3" />
                  <test-case name="AntHill.NET.TestClass.TileTest" executed="True" success="True" time="0.016" asserts="1" />
                  <test-case name="AntHill.NET.TestClass.WarriorTest" executed="True" success="True" time="0.000" asserts="4" />
                  <test-case name="AntHill.NET.TestClass.WorkerTest" executed="True" success="True" time="0.000" asserts="5" />
                  <test-case name="AntHill.NET.TestClass.XmlTest" executed="True" success="True" time="0.000" asserts="130" />
                </results>
              </test-suite>
            </results>
          </test-suite>
        </results>
      </test-suite>
    </results>
  </test-suite>
</test-results>