<?xml version="1.0" encoding="utf-8" standalone="no"?>
<!--This file represents the results of running a test suite-->
<test-results name="..\AntHill.Net\bin\Debug\AntHill.Net.exe" total="16" failures="0" not-run="5" date="2007-04-23" time="13:46:21">
  <environment nunit-version="2.4.0.2" clr-version="2.0.50727.42" os-version="Microsoft Windows NT 5.0.2195 Service Pack 4" platform="Win32NT" cwd="C:\Documents and Settings\jaworskif\Pulpit\anthill_project\tests" machine-name="PRACOWNIA12" user="jaworskif" user-domain="PRACOWNIA" />
  <culture-info current-culture="pl-PL" current-uiculture="pl-PL" />
  <test-suite name="..\AntHill.Net\bin\Debug\AntHill.Net.exe" success="True" time="0.188" asserts="0">
    <results>
      <test-suite name="AntHill" success="True" time="0.172" asserts="0">
        <results>
          <test-suite name="NET" success="True" time="0.172" asserts="0">
            <results>
              <test-suite name="TestClass" success="True" time="0.094" asserts="0">
                <results>
                  <test-case name="AntHill.NET.TestClass.AntTest" executed="False">
                    <reason>
                      <message><![CDATA[Ant class is abstract. Ant.TurnsWithoutFood and Ant.TurnsToBecomeHungry test in WorkerTest andWarriorTest...]]></message>
                    </reason>
                  </test-case>
                  <test-case name="AntHill.NET.TestClass.AstarTest" executed="True" success="True" time="0.016" asserts="0" />
                  <test-case name="AntHill.NET.TestClass.CitizenTest" executed="False">
                    <reason>
                      <message><![CDATA[Citizen class is abstract. NO TEST IN OTHER CLASS (yet?)...]]></message>
                    </reason>
                  </test-case>
                  <test-case name="AntHill.NET.TestClass.CreatureTest" executed="False">
                    <reason>
                      <message><![CDATA[Creature class is abstract. Creature.Direction test in WorkerTest and WarriorTest...]]></message>
                    </reason>
                  </test-case>
                  <test-case name="AntHill.NET.TestClass.ElementTest" executed="False">
                    <reason>
                      <message><![CDATA[Element class is abstract. Element.Position test in WorkerTest and WarriorTest...]]></message>
                    </reason>
                  </test-case>
                  <test-case name="AntHill.NET.TestClass.FoodTest" executed="True" success="True" time="0.000" asserts="0" />
                  <test-case name="AntHill.NET.TestClass.GetVisibleAnts" executed="True" success="True" time="0.000" asserts="0" />
                  <test-case name="AntHill.NET.TestClass.GetVisibleFood" executed="True" success="True" time="0.000" asserts="0" />
                  <test-case name="AntHill.NET.TestClass.GetVisibleMessages" executed="True" success="True" time="0.000" asserts="0" />
                  <test-case name="AntHill.NET.TestClass.GetVisibleSpiders" executed="True" success="True" time="0.000" asserts="0" />
                  <test-case name="AntHill.NET.TestClass.MapTest" executed="True" success="True" time="0.000" asserts="0" />
                  <test-case name="AntHill.NET.TestClass.MessageTest" executed="True" success="True" time="0.000" asserts="0" />
                  <test-case name="AntHill.NET.TestClass.PointWithIntensityTest" executed="True" success="True" time="0.031" asserts="2" />
                  <test-case name="AntHill.NET.TestClass.QueenTest" executed="True" success="True" time="0.000" asserts="0" />
                  <test-case name="AntHill.NET.TestClass.RainTest" executed="False">
                    <reason>
                      <message><![CDATA[narazie brak zaimplementowanych metod (w klasie Simulation) niezbędnych do działania tej klasy]]></message>
                    </reason>
                  </test-case>
                  <test-case name="AntHill.NET.TestClass.SimulationTest" executed="True" success="True" time="0.016" asserts="1" />
                  <test-case name="AntHill.NET.TestClass.SpiderTest" executed="True" success="True" time="0.000" asserts="0" />
                  <test-case name="AntHill.NET.TestClass.TileTest" executed="True" success="True" time="0.000" asserts="1" />
                  <test-case name="AntHill.NET.TestClass.WarriorTest" executed="True" success="True" time="0.000" asserts="4" />
                  <test-case name="AntHill.NET.TestClass.WorkerTest" executed="True" success="True" time="0.000" asserts="5" />
                  <test-case name="AntHill.NET.TestClass.XmlTest" executed="True" success="True" time="0.000" asserts="0" />
                </results>
              </test-suite>
            </results>
          </test-suite>
        </results>
      </test-suite>
    </results>
  </test-suite>
</test-results>